0 info it worked if it ends with ok
1 verbose cli [ 'C:\\Program Files\\nodejs\\node.exe',
1 verbose cli   'C:\\Program Files\\nodejs\\node_modules\\npm\\bin\\npm-cli.js',
1 verbose cli   'run',
1 verbose cli   'lint',
1 verbose cli   '--fix' ]
2 info using npm@3.10.10
3 info using node@v6.11.0
4 verbose run-script [ 'prelint', 'lint', 'postlint' ]
5 info lifecycle garden-react@1.0.0~prelint: garden-react@1.0.0
6 silly lifecycle garden-react@1.0.0~prelint: no script for prelint, continuing
7 info lifecycle garden-react@1.0.0~lint: garden-react@1.0.0
8 verbose lifecycle garden-react@1.0.0~lint: unsafe-perm in lifecycle true
9 verbose lifecycle garden-react@1.0.0~lint: PATH: C:\Program Files\nodejs\node_modules\npm\bin\node-gyp-bin;C:\Users\Dani\Desktop\garden-react\node_modules\.bin;C:\Users\Dani\bin;C:\Program Files\Git\mingw64\bin;C:\Program Files\Git\usr\local\bin;C:\Program Files\Git\usr\bin;C:\Program Files\Git\usr\bin;C:\Program Files\Git\mingw64\bin;C:\Program Files\Git\usr\bin;C:\Users\Dani\bin;C:\Ruby23-x64\bin;C:\Program Files (x86)\HP SimplePass 2011\x64;C:\Program Files (x86)\HP SimplePass 2011;C:\Program Files\Common Files\Microsoft Shared\Windows Live;C:\Program Files (x86)\Common Files\Microsoft Shared\Windows Live;C:\Windows\system32;C:\Windows;C:\Windows\System32\Wbem;C:\Windows\System32\WindowsPowerShell\v1.0;C:\Program Files (x86)\Common Files\Roxio Shared\DLLShared;C:\Program Files (x86)\Common Files\Roxio Shared\DLLShared;C:\Program Files (x86)\Common Files\Roxio Shared\12.0\DLLShared;C:\Program Files (x86)\Windows Live\Shared;C:\Program Files\Intel\WiFi\bin;C:\Program Files\Common Files\Intel\WirelessCommon;C:\Program Files (x86)\Skype\Phone;C:\Program Files\Git\cmd;C:\Users\Dani\AppData\Local\atom\bin;C:\Program Files\nodejs;C:\Program Files\MAMP\bin\php\php5.6.13;C:\Users\Dani\AppData\Local\atom\bin;C:\Users\Dani\AppData\Roaming\npm;C:\Program Files\Git\usr\bin\vendor_perl;C:\Program Files\Git\usr\bin\core_perl
10 verbose lifecycle garden-react@1.0.0~lint: CWD: C:\Users\Dani\Desktop\garden-react
11 silly lifecycle garden-react@1.0.0~lint: Args: [ '/d /s /c', 'eslint src/** src/**/**; exit 0' ]
12 silly lifecycle garden-react@1.0.0~lint: Returned: code: 1  signal: null
13 info lifecycle garden-react@1.0.0~lint: Failed to exec lint script
14 verbose stack Error: garden-react@1.0.0 lint: `eslint src/** src/**/**; exit 0`
14 verbose stack Exit status 1
14 verbose stack     at EventEmitter.<anonymous> (C:\Program Files\nodejs\node_modules\npm\lib\utils\lifecycle.js:255:16)
14 verbose stack     at emitTwo (events.js:106:13)
14 verbose stack     at EventEmitter.emit (events.js:191:7)
14 verbose stack     at ChildProcess.<anonymous> (C:\Program Files\nodejs\node_modules\npm\lib\utils\spawn.js:40:14)
14 verbose stack     at emitTwo (events.js:106:13)
14 verbose stack     at ChildProcess.emit (events.js:191:7)
14 verbose stack     at maybeClose (internal/child_process.js:891:16)
14 verbose stack     at Process.ChildProcess._handle.onexit (internal/child_process.js:226:5)
15 verbose pkgid garden-react@1.0.0
16 verbose cwd C:\Users\Dani\Desktop\garden-react
17 error Windows_NT 6.1.7601
18 error argv "C:\\Program Files\\nodejs\\node.exe" "C:\\Program Files\\nodejs\\node_modules\\npm\\bin\\npm-cli.js" "run" "lint" "--fix"
19 error node v6.11.0
20 error npm  v3.10.10
21 error code ELIFECYCLE
22 error garden-react@1.0.0 lint: `eslint src/** src/**/**; exit 0`
22 error Exit status 1
23 error Failed at the garden-react@1.0.0 lint script 'eslint src/** src/**/**; exit 0'.
23 error Make sure you have the latest version of node.js and npm installed.
23 error If you do, this is most likely a problem with the garden-react package,
23 error not with npm itself.
23 error Tell the author that this fails on your system:
23 error     eslint src/** src/**/**; exit 0
23 error You can get information on how to open an issue for this project with:
23 error     npm bugs garden-react
23 error Or if that isn't available, you can get their info via:
23 error     npm owner ls garden-react
23 error There is likely additional logging output above.
24 verbose exit [ 1, true ]
